<?xml version="1.0" encoding="UTF-8"?>
<!-- Generated by org.testng.reporters.JUnitXMLReporter -->
<testsuite hostname="Lenovo-PC" ignored="0" name="Default test" tests="3" failures="0" timestamp="14 Nov 2019 18:07:53 GMT" time="0.058" errors="0">
  <testcase name="testCase2" time="0.008" classname="apiTesting.APITesting"/>
  <testcase name="testCase3" time="0.002" classname="apiTesting.APITesting"/>
  <testcase name="testCase3" time="0.003" classname="apiTesting.APITesting"/>
</testsuite> <!-- Default test -->
