<?xml version="1.0" encoding="UTF-8"?>
<testng-results skipped="0" failed="0" ignored="0" total="1" passed="1">
  <reporter-output>
  </reporter-output>
  <suite name="Default suite" duration-ms="28530" started-at="2019-05-11T14:20:13Z" finished-at="2019-05-11T14:20:42Z">
    <groups>
      <group name="cucumber">
        <method signature="AbstractTestNGCucumberTests.runScenario(cucumber.api.testng.PickleEventWrapper, cucumber.api.testng.CucumberFeatureWrapper)[pri:0, instance:testRunner.RunTest@31a5c39e]" name="runScenario" class="cucumber.api.testng.AbstractTestNGCucumberTests"/>
      </group> <!-- cucumber -->
    </groups>
    <test name="Default test" duration-ms="28530" started-at="2019-05-11T14:20:13Z" finished-at="2019-05-11T14:20:42Z">
      <class name="testRunner.RunTest">
        <test-method status="PASS" signature="setUpClass()[pri:0, instance:testRunner.RunTest@31a5c39e]" name="setUpClass" is-config="true" duration-ms="291" started-at="2019-05-11T14:20:13Z" finished-at="2019-05-11T14:20:14Z">
          <reporter-output>
          </reporter-output>
        </test-method> <!-- setUpClass -->
        <test-method status="PASS" signature="runScenario(cucumber.api.testng.PickleEventWrapper, cucumber.api.testng.CucumberFeatureWrapper)[pri:0, instance:testRunner.RunTest@31a5c39e]" name="runScenario" duration-ms="28100" started-at="2019-05-11T14:20:14Z" description="Runs Cucumber Scenarios" data-provider="scenarios" finished-at="2019-05-11T14:20:42Z">
          <params>
            <param index="0">
              <value>
                <![CDATA["TC001 To verify user able to Submit New PP"]]>
              </value>
            </param>
            <param index="1">
              <value>
                <![CDATA["Create PP Functionality"]]>
              </value>
            </param>
          </params>
          <reporter-output>
          </reporter-output>
        </test-method> <!-- runScenario -->
        <test-method status="PASS" signature="tearDownClass()[pri:0, instance:testRunner.RunTest@31a5c39e]" name="tearDownClass" is-config="true" duration-ms="19" started-at="2019-05-11T14:20:42Z" finished-at="2019-05-11T14:20:42Z">
          <reporter-output>
          </reporter-output>
        </test-method> <!-- tearDownClass -->
      </class> <!-- testRunner.RunTest -->
    </test> <!-- Default test -->
  </suite> <!-- Default suite -->
</testng-results>
