<?xml version="1.0" encoding="UTF-8"?>
<testng-results skipped="1" failed="0" ignored="0" total="1" passed="0">
  <reporter-output>
  </reporter-output>
  <suite name="Default suite" duration-ms="360" started-at="2019-11-23T08:13:40Z" finished-at="2019-11-23T08:13:41Z">
    <groups>
      <group name="cucumber">
        <method signature="AbstractTestNGCucumberTests.runScenario(cucumber.api.testng.PickleEventWrapper, cucumber.api.testng.CucumberFeatureWrapper)[pri:0, instance:cucumberMain.RunnerFile@31a5c39e]" name="runScenario" class="cucumber.api.testng.AbstractTestNGCucumberTests"/>
      </group> <!-- cucumber -->
    </groups>
    <test name="Default test" duration-ms="360" started-at="2019-11-23T08:13:40Z" finished-at="2019-11-23T08:13:41Z">
      <class name="cucumberMain.RunnerFile">
        <test-method status="PASS" signature="setUpClass()[pri:0, instance:cucumberMain.RunnerFile@31a5c39e]" name="setUpClass" is-config="true" duration-ms="160" started-at="2019-11-23T08:13:40Z" finished-at="2019-11-23T08:13:40Z">
          <reporter-output>
          </reporter-output>
        </test-method> <!-- setUpClass -->
        <test-method status="SKIP" signature="runScenario(cucumber.api.testng.PickleEventWrapper, cucumber.api.testng.CucumberFeatureWrapper)[pri:0, instance:cucumberMain.RunnerFile@31a5c39e]" name="runScenario" duration-ms="123" started-at="2019-11-23T08:13:40Z" description="Runs Cucumber Scenarios" data-provider="scenarios" finished-at="2019-11-23T08:13:41Z">
          <params>
            <param index="0">
              <value>
                <![CDATA["Verify user able to access all 16 ONP Notification service Events for BV Product Type"]]>
              </value>
            </param>
            <param index="1">
              <value>
                <![CDATA["As a user i need to do validations for ONP Notifications"]]>
              </value>
            </param>
          </params>
          <exception class="org.testng.SkipException">
            <message>
              <![CDATA[There are undefined steps]]>
            </message>
            <full-stacktrace>
              <![CDATA[org.testng.SkipException: There are undefined steps
at cucumber.api.testng.TestCaseResultListener.getError(TestCaseResultListener.java:60)
at cucumber.api.testng.TestNGCucumberRunner.runScenario(TestNGCucumberRunner.java:69)
at cucumber.api.testng.AbstractTestNGCucumberTests.runScenario(AbstractTestNGCucumberTests.java:22)
at sun.reflect.NativeMethodAccessorImpl.invoke0(Native Method)
at sun.reflect.NativeMethodAccessorImpl.invoke(NativeMethodAccessorImpl.java:62)
at sun.reflect.DelegatingMethodAccessorImpl.invoke(DelegatingMethodAccessorImpl.java:43)
at java.lang.reflect.Method.invoke(Method.java:498)
at org.testng.internal.MethodInvocationHelper.invokeMethod(MethodInvocationHelper.java:124)
at org.testng.internal.Invoker.invokeMethod(Invoker.java:583)
at org.testng.internal.Invoker.invokeTestMethod(Invoker.java:719)
at org.testng.internal.Invoker.invokeTestMethods(Invoker.java:989)
at org.testng.internal.TestMethodWorker.invokeTestMethods(TestMethodWorker.java:125)
at org.testng.internal.TestMethodWorker.run(TestMethodWorker.java:109)
at org.testng.TestRunner.privateRun(TestRunner.java:648)
at org.testng.TestRunner.run(TestRunner.java:505)
at org.testng.SuiteRunner.runTest(SuiteRunner.java:455)
at org.testng.SuiteRunner.runSequentially(SuiteRunner.java:450)
at org.testng.SuiteRunner.privateRun(SuiteRunner.java:415)
at org.testng.SuiteRunner.run(SuiteRunner.java:364)
at org.testng.SuiteRunnerWorker.runSuite(SuiteRunnerWorker.java:52)
at org.testng.SuiteRunnerWorker.run(SuiteRunnerWorker.java:84)
at org.testng.TestNG.runSuitesSequentially(TestNG.java:1208)
at org.testng.TestNG.runSuitesLocally(TestNG.java:1137)
at org.testng.TestNG.runSuites(TestNG.java:1049)
at org.testng.TestNG.run(TestNG.java:1017)
at org.testng.remote.AbstractRemoteTestNG.run(AbstractRemoteTestNG.java:115)
at org.testng.remote.RemoteTestNG.initAndRun(RemoteTestNG.java:251)
at org.testng.remote.RemoteTestNG.main(RemoteTestNG.java:77)
]]>
            </full-stacktrace>
          </exception> <!-- org.testng.SkipException -->
          <reporter-output>
          </reporter-output>
        </test-method> <!-- runScenario -->
        <test-method status="PASS" signature="tearDownClass()[pri:0, instance:cucumberMain.RunnerFile@31a5c39e]" name="tearDownClass" is-config="true" duration-ms="9" started-at="2019-11-23T08:13:41Z" finished-at="2019-11-23T08:13:41Z">
          <reporter-output>
          </reporter-output>
        </test-method> <!-- tearDownClass -->
      </class> <!-- cucumberMain.RunnerFile -->
    </test> <!-- Default test -->
  </suite> <!-- Default suite -->
</testng-results>
