<?xml version="1.0" encoding="UTF-8"?>
<testng-results skipped="0" failed="0" ignored="0" total="3" passed="3">
  <reporter-output>
  </reporter-output>
  <suite name="Default suite" duration-ms="58" started-at="2019-11-14T18:07:53Z" finished-at="2019-11-14T18:07:53Z">
    <groups>
    </groups>
    <test name="Default test" duration-ms="58" started-at="2019-11-14T18:07:53Z" finished-at="2019-11-14T18:07:53Z">
      <class name="apiTesting.APITesting">
        <test-method status="PASS" signature="testCase1()[pri:0, instance:apiTesting.APITesting@cb5822]" name="testCase1" is-config="true" duration-ms="6" started-at="2019-11-14T18:07:53Z" finished-at="2019-11-14T18:07:53Z">
          <reporter-output>
          </reporter-output>
        </test-method> <!-- testCase1 -->
        <test-method status="PASS" signature="testCase2()[pri:0, instance:apiTesting.APITesting@cb5822]" name="testCase2" duration-ms="8" started-at="2019-11-14T18:07:53Z" finished-at="2019-11-14T18:07:53Z">
          <reporter-output>
          </reporter-output>
        </test-method> <!-- testCase2 -->
        <test-method status="PASS" signature="testCase1()[pri:0, instance:apiTesting.APITesting@cb5822]" name="testCase1" is-config="true" duration-ms="1" started-at="2019-11-14T18:07:53Z" finished-at="2019-11-14T18:07:53Z">
          <reporter-output>
          </reporter-output>
        </test-method> <!-- testCase1 -->
        <test-method status="PASS" signature="testCase3(java.lang.String)[pri:0, instance:apiTesting.APITesting@cb5822]" name="testCase3" duration-ms="2" started-at="2019-11-14T18:07:53Z" data-provider="Json" finished-at="2019-11-14T18:07:53Z">
          <params>
            <param index="0">
              <value>
                <![CDATA[New ./data1.json]]>
              </value>
            </param>
          </params>
          <reporter-output>
          </reporter-output>
        </test-method> <!-- testCase3 -->
        <test-method status="PASS" signature="testCase1()[pri:0, instance:apiTesting.APITesting@cb5822]" name="testCase1" is-config="true" duration-ms="0" started-at="2019-11-14T18:07:53Z" finished-at="2019-11-14T18:07:53Z">
          <reporter-output>
          </reporter-output>
        </test-method> <!-- testCase1 -->
        <test-method status="PASS" signature="testCase3(java.lang.String)[pri:0, instance:apiTesting.APITesting@cb5822]" name="testCase3" duration-ms="3" started-at="2019-11-14T18:07:53Z" data-provider="Json" finished-at="2019-11-14T18:07:53Z">
          <params>
            <param index="0">
              <value>
                <![CDATA[New ./data.json]]>
              </value>
            </param>
          </params>
          <reporter-output>
          </reporter-output>
        </test-method> <!-- testCase3 -->
      </class> <!-- apiTesting.APITesting -->
    </test> <!-- Default test -->
  </suite> <!-- Default suite -->
</testng-results>
